<?xml version="1.0" encoding="UTF-8"?>
<testng-results ignored="0" total="1" passed="1" failed="0" skipped="0">
  <reporter-output>
    <line>
      <![CDATA[SkillRary Courses]]>
    </line>
  </reporter-output>
  <suite started-at="2021-08-24T15:57:54 IST" name="Default suite" finished-at="2021-08-24T15:58:24 IST" duration-ms="29643">
    <groups>
    </groups>
    <test started-at="2021-08-24T15:57:54 IST" name="Default test" finished-at="2021-08-24T15:58:24 IST" duration-ms="29643">
      <class name="scripts.AddToCart">
        <test-method is-config="true" signature="openApp()[pri:0, instance:scripts.AddToCart@49c7b90e]" started-at="2021-08-24T15:57:54 IST" name="openApp" finished-at="2021-08-24T15:58:16 IST" duration-ms="21795" status="PASS">
          <reporter-output>
          </reporter-output>
        </test-method> <!-- openApp -->
        <test-method signature="tc1()[pri:0, instance:scripts.AddToCart@49c7b90e]" started-at="2021-08-24T15:58:16 IST" name="tc1" finished-at="2021-08-24T15:58:23 IST" duration-ms="6612" status="PASS">
          <reporter-output>
            <line>
              <![CDATA[SkillRary Courses]]>
            </line>
          </reporter-output>
        </test-method> <!-- tc1 -->
        <test-method is-config="true" signature="closeApp(org.testng.ITestResult)[pri:0, instance:scripts.AddToCart@49c7b90e]" started-at="2021-08-24T15:58:23 IST" name="closeApp" finished-at="2021-08-24T15:58:24 IST" duration-ms="1129" status="PASS">
          <params>
            <param index="0">
              <value>
                <![CDATA[[TestResult name=tc1 status=SUCCESS method=AddToCart.tc1()[pri:0, instance:scripts.AddToCart@49c7b90e] output=SkillRary Courses]]]>
              </value>
            </param>
          </params>
          <reporter-output>
          </reporter-output>
        </test-method> <!-- closeApp -->
      </class> <!-- scripts.AddToCart -->
    </test> <!-- Default test -->
  </suite> <!-- Default suite -->
</testng-results>
